#
# A fatal error has been detected by the Java Runtime Environment:
#
#  EXCEPTION_ACCESS_VIOLATION (0xc0000005) at pc=0x0000000055d1a0a5, pid=6072, tid=0x0000000000000f10
#
# JRE version: Java(TM) SE Runtime Environment (8.0_101-b13) (build 1.8.0_101-b13)
# Java VM: Java HotSpot(TM) 64-Bit Server VM (25.101-b13 mixed mode windows-amd64 compressed oops)
# Problematic frame:
# V  [jvm.dll+0x12a0a5]
#
# Failed to write core dump. Minidumps are not enabled by default on client versions of Windows
#
# If you would like to submit a bug report, please visit:
#   http://bugreport.java.com/bugreport/crash.jsp
#

---------------  T H R E A D  ---------------

Current thread (0x0000000017501800):  JavaThread "JDWP Transport Listener: dt_socket" daemon [_thread_in_vm, id=3856, stack(0x0000000018fa0000,0x00000000190a0000)]

siginfo: ExceptionCode=0xc0000005, reading address 0xffffffffffffffff

Registers:
RAX=0x000000001909f401, RBX=0x0000000017501800, RCX=0x003b79003b747369, RDX=0x0000000000000000
RSP=0x000000001909f480, RBP=0x003b79003b747369, RSI=0x000000001909f598, RDI=0x0000000004c49930
R8 =0x0000000017501800, R9 =0x0000000000008000, R10=0x0000000019ce8e90, R11=0x000000001909f79b
R12=0x0000000000000000, R13=0x00000000174f62b8, R14=0x0000000000000000, R15=0x0000000000000000
RIP=0x0000000055d1a0a5, EFLAGS=0x0000000000010206

Top of Stack: (sp=0x000000001909f480)
0x000000001909f480:   0000000017501800 0000000017501800
0x000000001909f490:   000000001909f548 0000000055f22f0b
0x000000001909f4a0:   0000000017501800 0000000055f3f76d
0x000000001909f4b0:   0000000000000000 0000000052a79155
0x000000001909f4c0:   00000000196013c0 0000000052a8291e
0x000000001909f4d0:   0000000017501800 0000000000000000
0x000000001909f4e0:   0000000000000000 0000000000000000
0x000000001909f4f0:   003b79003b747369 0000000052a81a15
0x000000001909f500:   000000001909f598 000000001909f570
0x000000001909f510:   0000000000000001 00000000196013c0
0x000000001909f520:   003b79003b747369 0000000052a653b3
0x000000001909f530:   000000001909f660 0000000000000001
0x000000001909f540:   0000000000000001 00000000196013c0
0x000000001909f550:   0000000000000009 0000000000000000
0x000000001909f560:   0000000000000000 0000000000000000
0x000000001909f570:   0000000000000001 0000000052a65571 

Instructions: (pc=0x0000000055d1a0a5)
0x0000000055d1a085:   cc cc cc cc cc cc cc cc cc cc cc 48 83 ec 28 48
0x0000000055d1a095:   85 c9 75 07 33 c0 48 83 c4 28 c3 48 89 5c 24 20
0x0000000055d1a0a5:   48 8b 19 48 85 db 74 20 48 83 fb 37 74 1a 48 8b
0x0000000055d1a0b5:   13 48 8b cb ff 52 10 84 c0 74 0d 48 8b c3 48 8b 


Register to memory mapping:

RAX=0x000000001909f401 is pointing into the stack for thread: 0x0000000017501800
RBX=0x0000000017501800 is a thread
RCX=0x003b79003b747369 is an unknown value
RDX=0x0000000000000000 is an unknown value
RSP=0x000000001909f480 is pointing into the stack for thread: 0x0000000017501800
RBP=0x003b79003b747369 is an unknown value
RSI=0x000000001909f598 is pointing into the stack for thread: 0x0000000017501800
RDI=0x0000000004c49930 is an unknown value
R8 =0x0000000017501800 is a thread
R9 =0x0000000000008000 is an unknown value
R10=0x0000000019ce8e90 is an unknown value
R11=0x000000001909f79b is pointing into the stack for thread: 0x0000000017501800
R12=0x0000000000000000 is an unknown value
R13=0x00000000174f62b8 is an unknown value
R14=0x0000000000000000 is an unknown value
R15=0x0000000000000000 is an unknown value


Stack: [0x0000000018fa0000,0x00000000190a0000],  sp=0x000000001909f480,  free space=1021k
Native frames: (J=compiled Java code, j=interpreted, Vv=VM code, C=native code)
V  [jvm.dll+0x12a0a5]
V  [jvm.dll+0x34f76d]
C  [jdwp.dll+0x21a15]
C  [jdwp.dll+0x53b3]
C  [jdwp.dll+0x5571]
C  [jdwp.dll+0xf0a8]
C  [jdwp.dll+0x1f2d5]
C  [jdwp.dll+0x1f4aa]
V  [jvm.dll+0x1bd258]
V  [jvm.dll+0x2451a4]
V  [jvm.dll+0x29c18a]
C  [msvcr100.dll+0x21d9f]
C  [msvcr100.dll+0x21e3b]
C  [KERNEL32.DLL+0x11fe4]
C  [ntdll.dll+0x6efc1]


---------------  P R O C E S S  ---------------

Java Threads: ( => current thread )
  0x00000000195fd800 JavaThread "Service Thread" daemon [_thread_blocked, id=7364, stack(0x00000000199a0000,0x0000000019aa0000)]
  0x000000001751d000 JavaThread "C1 CompilerThread2" daemon [_thread_blocked, id=1832, stack(0x00000000194a0000,0x00000000195a0000)]
  0x000000001751a000 JavaThread "C2 CompilerThread1" daemon [_thread_blocked, id=4692, stack(0x00000000193a0000,0x00000000194a0000)]
  0x0000000017517800 JavaThread "C2 CompilerThread0" daemon [_thread_blocked, id=5552, stack(0x00000000192a0000,0x00000000193a0000)]
  0x0000000017507800 JavaThread "JDWP Command Reader" daemon [_thread_in_native, id=5436, stack(0x00000000191a0000,0x00000000192a0000)]
  0x0000000017506000 JavaThread "JDWP Event Helper Thread" daemon [_thread_blocked, id=2240, stack(0x00000000190a0000,0x00000000191a0000)]
=>0x0000000017501800 JavaThread "JDWP Transport Listener: dt_socket" daemon [_thread_in_vm, id=3856, stack(0x0000000018fa0000,0x00000000190a0000)]
  0x00000000174ec000 JavaThread "Attach Listener" daemon [_thread_blocked, id=5460, stack(0x0000000018b60000,0x0000000018c60000)]
  0x00000000174eb000 JavaThread "Signal Dispatcher" daemon [_thread_blocked, id=4124, stack(0x0000000018a60000,0x0000000018b60000)]
  0x00000000174da000 JavaThread "Finalizer" daemon [_thread_blocked, id=2248, stack(0x0000000018750000,0x0000000018850000)]
  0x0000000004e40000 JavaThread "Reference Handler" daemon [_thread_blocked, id=6640, stack(0x0000000018650000,0x0000000018750000)]
  0x0000000004c4e800 JavaThread "main" [_thread_blocked, id=5116, stack(0x0000000004c50000,0x0000000004d50000)]

Other Threads:
  0x00000000174b7800 VMThread [stack: 0x0000000018550000,0x0000000018650000] [id=5696]
  0x0000000019602000 WatcherThread [stack: 0x0000000019aa0000,0x0000000019ba0000] [id=2004]

VM state:not at safepoint (normal execution)

VM Mutex/Monitor currently owned by a thread: None

Heap:
 PSYoungGen      total 18944K, used 13498K [0x00000000eac00000, 0x00000000ec100000, 0x0000000100000000)
  eden space 16384K, 82% used [0x00000000eac00000,0x00000000eb92e8a0,0x00000000ebc00000)
  from space 2560K, 0% used [0x00000000ebe80000,0x00000000ebe80000,0x00000000ec100000)
  to   space 2560K, 0% used [0x00000000ebc00000,0x00000000ebc00000,0x00000000ebe80000)
 ParOldGen       total 44032K, used 0K [0x00000000c0400000, 0x00000000c2f00000, 0x00000000eac00000)
  object space 44032K, 0% used [0x00000000c0400000,0x00000000c0400000,0x00000000c2f00000)
 Metaspace       used 10182K, capacity 10280K, committed 10496K, reserved 1058816K
  class space    used 1140K, capacity 1168K, committed 1280K, reserved 1048576K

Card table byte_map: [0x0000000014210000,0x0000000014410000] byte_map_base: 0x0000000013c0e000

Marking Bits: (ParMarkBitMap*) 0x000000005640a6d0
 Begin Bits: [0x0000000014970000, 0x0000000015960000)
 End Bits:   [0x0000000015960000, 0x0000000016950000)

Polling page: 0x0000000002f10000

CodeCache: size=245760Kb used=2321Kb max_used=2321Kb free=243438Kb
 bounds [0x0000000004e50000, 0x00000000050c0000, 0x0000000013e50000]
 total_blobs=831 nmethods=485 adapters=267
 compilation: enabled

Compilation events (10 events):
Event: 0.619 Thread 0x000000001751d000  481       3       java.util.jar.JarFile$JarFileEntry::<init> (11 bytes)
Event: 0.619 Thread 0x000000001751d000 nmethod 481 0x0000000005092950 code [0x0000000005092ac0, 0x0000000005092cc8]
Event: 0.619 Thread 0x000000001751d000  482       1       java.lang.Enum::ordinal (5 bytes)
Event: 0.619 Thread 0x000000001751d000 nmethod 482 0x0000000005092d90 code [0x0000000005092ee0, 0x0000000005092ff0]
Event: 0.621 Thread 0x000000001751d000  483       3       java.util.zip.ZipFile::getZipEntry (236 bytes)
Event: 0.622 Thread 0x000000001751d000 nmethod 483 0x0000000005093050 code [0x00000000050932a0, 0x0000000005093e28]
Event: 0.629 Thread 0x000000001751d000  484       3       java.lang.Math::max (11 bytes)
Event: 0.630 Thread 0x000000001751d000 nmethod 484 0x0000000005095110 code [0x0000000005095260, 0x00000000050953f0]
Event: 0.631 Thread 0x000000001751d000  485       3       oracle.jdbc.driver.T4CSocketInputStreamWrapper::readB1 (5 bytes)
Event: 0.631 Thread 0x000000001751d000 nmethod 485 0x0000000005095450 code [0x00000000050955c0, 0x00000000050957c8]

GC Heap History (0 events):
No events

Deoptimization events (2 events):
Event: 0.275 Thread 0x0000000004c4e800 Uncommon trap: reason=unstable_if action=reinterpret pc=0x0000000004fcbf98 method=java.io.BufferedReader.read()I @ 19
Event: 0.401 Thread 0x0000000004c4e800 Uncommon trap: reason=unstable_if action=reinterpret pc=0x0000000004fe37a4 method=java.util.Properties.loadConvert([CII[C)Ljava/lang/String; @ 4

Internal exceptions (10 events):
Event: 0.181 Thread 0x0000000004c4e800 Exception <a 'java/security/PrivilegedActionException'> (0x00000000ead61610) thrown at [C:\re\workspace\8-2-build-windows-amd64-cygwin\jdk8u101\7261\hotspot\src\share\vm\prims\jvm.cpp, line 1386]
Event: 0.231 Thread 0x0000000004c4e800 Exception <a 'java/lang/ArrayIndexOutOfBoundsException'> (0x00000000eade1d00) thrown at [C:\re\workspace\8-2-build-windows-amd64-cygwin\jdk8u101\7261\hotspot\src\share\vm\runtime\sharedRuntime.cpp, line 605]
Event: 0.232 Thread 0x0000000004c4e800 Exception <a 'java/lang/ArrayIndexOutOfBoundsException'> (0x00000000eade2a78) thrown at [C:\re\workspace\8-2-build-windows-amd64-cygwin\jdk8u101\7261\hotspot\src\share\vm\runtime\sharedRuntime.cpp, line 605]
Event: 0.232 Thread 0x0000000004c4e800 Exception <a 'java/lang/ArrayIndexOutOfBoundsException'> (0x00000000eade3a30) thrown at [C:\re\workspace\8-2-build-windows-amd64-cygwin\jdk8u101\7261\hotspot\src\share\vm\runtime\sharedRuntime.cpp, line 605]
Event: 0.233 Thread 0x0000000004c4e800 Exception <a 'java/lang/ArrayIndexOutOfBoundsException'> (0x00000000eade52f0) thrown at [C:\re\workspace\8-2-build-windows-amd64-cygwin\jdk8u101\7261\hotspot\src\share\vm\runtime\sharedRuntime.cpp, line 605]
Event: 0.240 Thread 0x0000000004c4e800 Exception <a 'java/lang/ArrayIndexOutOfBoundsException'> (0x00000000eae0bca0) thrown at [C:\re\workspace\8-2-build-windows-amd64-cygwin\jdk8u101\7261\hotspot\src\share\vm\runtime\sharedRuntime.cpp, line 605]
Event: 0.240 Thread 0x0000000004c4e800 Exception <a 'java/lang/ArrayIndexOutOfBoundsException'> (0x00000000eae0cf08) thrown at [C:\re\workspace\8-2-build-windows-amd64-cygwin\jdk8u101\7261\hotspot\src\share\vm\runtime\sharedRuntime.cpp, line 605]
Event: 0.240 Thread 0x0000000004c4e800 Exception <a 'java/lang/ArrayIndexOutOfBoundsException'> (0x00000000eae0e880) thrown at [C:\re\workspace\8-2-build-windows-amd64-cygwin\jdk8u101\7261\hotspot\src\share\vm\runtime\sharedRuntime.cpp, line 605]
Event: 0.246 Thread 0x0000000004c4e800 Exception <a 'java/lang/ArrayIndexOutOfBoundsException'> (0x00000000eae34568) thrown at [C:\re\workspace\8-2-build-windows-amd64-cygwin\jdk8u101\7261\hotspot\src\share\vm\runtime\sharedRuntime.cpp, line 605]
Event: 0.252 Thread 0x0000000004c4e800 Exception <a 'java/lang/ArrayIndexOutOfBoundsException'> (0x00000000eae43e90) thrown at [C:\re\workspace\8-2-build-windows-amd64-cygwin\jdk8u101\7261\hotspot\src\share\vm\runtime\sharedRuntime.cpp, line 605]

Events (10 events):
Event: 144.926 Executing VM operation: EnterInterpOnlyMode
Event: 144.926 Executing VM operation: EnterInterpOnlyMode done
Event: 144.926 Executing VM operation: GetCurrentLocation
Event: 144.926 Executing VM operation: GetCurrentLocation done
Event: 144.926 Executing VM operation: ChangeSingleStep
Event: 144.926 Executing VM operation: ChangeSingleStep done
Event: 144.928 Executing VM operation: ChangeSingleStep
Event: 144.928 Executing VM operation: ChangeSingleStep done
Event: 293.635 Executing VM operation: RedefineClasses
Event: 293.639 Executing VM operation: RedefineClasses done


Dynamic libraries:
0x00007ff7becd0000 - 0x00007ff7bed07000 	C:\Program Files\Java\jre1.8.0_101\bin\javaw.exe
0x00007ffd3f4e0000 - 0x00007ffd3f6c0000 	C:\Windows\SYSTEM32\ntdll.dll
0x00007ffd3e560000 - 0x00007ffd3e60e000 	C:\Windows\System32\KERNEL32.DLL
0x00007ffd3bbc0000 - 0x00007ffd3be26000 	C:\Windows\System32\KERNELBASE.dll
0x00007ffd3efe0000 - 0x00007ffd3f081000 	C:\Windows\System32\ADVAPI32.dll
0x00007ffd3edb0000 - 0x00007ffd3ee4d000 	C:\Windows\System32\msvcrt.dll
0x00007ffd3eca0000 - 0x00007ffd3ecfb000 	C:\Windows\System32\sechost.dll
0x00007ffd3e440000 - 0x00007ffd3e55f000 	C:\Windows\System32\RPCRT4.dll
0x00007ffd3ee50000 - 0x00007ffd3efdf000 	C:\Windows\System32\USER32.dll
0x00007ffd3c720000 - 0x00007ffd3c740000 	C:\Windows\System32\win32u.dll
0x00007ffd3cb60000 - 0x00007ffd3cb88000 	C:\Windows\System32\GDI32.dll
0x00007ffd3c580000 - 0x00007ffd3c713000 	C:\Windows\System32\gdi32full.dll
0x00007ffd3c910000 - 0x00007ffd3c9ab000 	C:\Windows\System32\msvcp_win.dll
0x00007ffd3b960000 - 0x00007ffd3ba56000 	C:\Windows\System32\ucrtbase.dll
0x00007ffd2f510000 - 0x00007ffd2f779000 	C:\Windows\WinSxS\amd64_microsoft.windows.common-controls_6595b64144ccf1df_6.0.16299.248_none_15ced204935f55d7\COMCTL32.dll
0x00007ffd3f090000 - 0x00007ffd3f398000 	C:\Windows\System32\combase.dll
0x00007ffd3b8e0000 - 0x00007ffd3b952000 	C:\Windows\System32\bcryptPrimitives.dll
0x00007ffd3f400000 - 0x00007ffd3f42d000 	C:\Windows\System32\IMM32.DLL
0x0000000052aa0000 - 0x0000000052b72000 	C:\Program Files\Java\jre1.8.0_101\bin\msvcr100.dll
0x0000000055bf0000 - 0x000000005648a000 	C:\Program Files\Java\jre1.8.0_101\bin\server\jvm.dll
0x00007ffd3ed00000 - 0x00007ffd3ed08000 	C:\Windows\System32\PSAPI.DLL
0x00007ffd2f4e0000 - 0x00007ffd2f4e9000 	C:\Windows\SYSTEM32\WSOCK32.dll
0x00007ffd34ad0000 - 0x00007ffd34af3000 	C:\Windows\SYSTEM32\WINMM.dll
0x00007ffd3ebb0000 - 0x00007ffd3ec1c000 	C:\Windows\System32\WS2_32.dll
0x00007ffd34aa0000 - 0x00007ffd34aca000 	C:\Windows\SYSTEM32\winmmbase.dll
0x00007ffd3ba60000 - 0x00007ffd3baaa000 	C:\Windows\System32\cfgmgr32.dll
0x00007ffd33a50000 - 0x00007ffd33a5a000 	C:\Windows\SYSTEM32\VERSION.dll
0x0000000055b00000 - 0x0000000055b0f000 	C:\Program Files\Java\jre1.8.0_101\bin\verify.dll
0x0000000055ad0000 - 0x0000000055af9000 	C:\Program Files\Java\jre1.8.0_101\bin\java.dll
0x0000000052a60000 - 0x0000000052a95000 	C:\Program Files\Java\jre1.8.0_101\bin\jdwp.dll
0x0000000052a50000 - 0x0000000052a58000 	C:\Program Files\Java\jre1.8.0_101\bin\npt.dll
0x0000000055ab0000 - 0x0000000055ac6000 	C:\Program Files\Java\jre1.8.0_101\bin\zip.dll
0x00007ffd3cd80000 - 0x00007ffd3e1b6000 	C:\Windows\System32\SHELL32.dll
0x00007ffd3cbf0000 - 0x00007ffd3cc96000 	C:\Windows\System32\shcore.dll
0x00007ffd3be30000 - 0x00007ffd3c577000 	C:\Windows\System32\windows.storage.dll
0x00007ffd3f3a0000 - 0x00007ffd3f3f1000 	C:\Windows\System32\shlwapi.dll
0x00007ffd3b8c0000 - 0x00007ffd3b8d1000 	C:\Windows\System32\kernel.appcore.dll
0x00007ffd3b830000 - 0x00007ffd3b87c000 	C:\Windows\System32\powrprof.dll
0x00007ffd3b8a0000 - 0x00007ffd3b8bb000 	C:\Windows\System32\profapi.dll
0x0000000052a40000 - 0x0000000052a49000 	C:\Program Files\Java\jre1.8.0_101\bin\dt_socket.dll
0x00007ffd21c90000 - 0x00007ffd21ca6000 	C:\Windows\system32\napinsp.dll
0x00007ffd21800000 - 0x00007ffd2181a000 	C:\Windows\system32\pnrpnsp.dll
0x00007ffd369b0000 - 0x00007ffd369c8000 	C:\Windows\system32\NLAapi.dll
0x00007ffd3b060000 - 0x00007ffd3b0c6000 	C:\Windows\System32\mswsock.dll
0x00007ffd3ae30000 - 0x00007ffd3aee6000 	C:\Windows\SYSTEM32\DNSAPI.dll
0x00007ffd3cca0000 - 0x00007ffd3cca8000 	C:\Windows\System32\NSI.dll
0x00007ffd3adf0000 - 0x00007ffd3ae29000 	C:\Windows\SYSTEM32\IPHLPAPI.DLL
0x00007ffd2ed30000 - 0x00007ffd2ed3e000 	C:\Windows\System32\winrnr.dll
0x00007ffd36f50000 - 0x00007ffd36fc0000 	C:\Windows\System32\fwpuclnt.dll
0x00007ffd3b330000 - 0x00007ffd3b355000 	C:\Windows\SYSTEM32\bcrypt.dll
0x00007ffd36730000 - 0x00007ffd3673a000 	C:\Windows\System32\rasadhlp.dll
0x0000000055a30000 - 0x0000000055a3d000 	C:\Program Files\Java\jre1.8.0_101\bin\management.dll
0x0000000055a90000 - 0x0000000055aaa000 	C:\Program Files\Java\jre1.8.0_101\bin\net.dll
0x0000000055a70000 - 0x0000000055a81000 	C:\Program Files\Java\jre1.8.0_101\bin\nio.dll
0x00007ffd3b220000 - 0x00007ffd3b237000 	C:\Windows\SYSTEM32\CRYPTSP.dll
0x00007ffd3ac70000 - 0x00007ffd3aca3000 	C:\Windows\system32\rsaenh.dll
0x00007ffd3b730000 - 0x00007ffd3b759000 	C:\Windows\SYSTEM32\USERENV.dll
0x00007ffd3b240000 - 0x00007ffd3b24b000 	C:\Windows\SYSTEM32\CRYPTBASE.dll
0x00007ffd37390000 - 0x00007ffd373a6000 	C:\Windows\SYSTEM32\dhcpcsvc6.DLL
0x00007ffd37370000 - 0x00007ffd3738a000 	C:\Windows\SYSTEM32\dhcpcsvc.DLL
0x00007ffd34420000 - 0x00007ffd345e8000 	C:\Windows\SYSTEM32\dbghelp.dll

VM Arguments:
jvm_args: -agentlib:jdwp=transport=dt_socket,suspend=y,address=localhost:50873 -Dfile.encoding=Cp1252 
java_command: Esercizi
java_class_path (initial): C:\Program Files\Java\jre1.8.0_101\lib\resources.jar;C:\Program Files\Java\jre1.8.0_101\lib\rt.jar;C:\Program Files\Java\jre1.8.0_101\lib\jsse.jar;C:\Program Files\Java\jre1.8.0_101\lib\jce.jar;C:\Program Files\Java\jre1.8.0_101\lib\charsets.jar;C:\Program Files\Java\jre1.8.0_101\lib\jfr.jar;C:\Program Files\Java\jre1.8.0_101\lib\ext\access-bridge-64.jar;C:\Program Files\Java\jre1.8.0_101\lib\ext\cldrdata.jar;C:\Program Files\Java\jre1.8.0_101\lib\ext\dnsns.jar;C:\Program Files\Java\jre1.8.0_101\lib\ext\jaccess.jar;C:\Program Files\Java\jre1.8.0_101\lib\ext\jfxrt.jar;C:\Program Files\Java\jre1.8.0_101\lib\ext\localedata.jar;C:\Program Files\Java\jre1.8.0_101\lib\ext\nashorn.jar;C:\Program Files\Java\jre1.8.0_101\lib\ext\sunec.jar;C:\Program Files\Java\jre1.8.0_101\lib\ext\sunjce_provider.jar;C:\Program Files\Java\jre1.8.0_101\lib\ext\sunmscapi.jar;C:\Program Files\Java\jre1.8.0_101\lib\ext\sunpkcs11.jar;C:\Program Files\Java\jre1.8.0_101\lib\ext\zipfs.jar;C:\Users\Student\Desktop\Andre\workspace\Giorno16\bin;C:\Users\Student\Desktop\Andre\JDBC\ojdbc6.jar
Launcher Type: SUN_STANDARD

Environment Variables:
PATH=C:/Program Files/Java/jre1.8.0_101/bin/server;C:/Program Files/Java/jre1.8.0_101/bin;C:/Program Files/Java/jre1.8.0_101/lib/amd64;C:\oraclexe\app\oracle\product\11.2.0\server\bin;;C:\ProgramData\Oracle\Java\javapath;C:\Windows\system32;C:\Windows;C:\Windows\System32\Wbem;C:\Windows\System32\WindowsPowerShell\v1.0\;C:\Users\Student\AppData\Local\Microsoft\WindowsApps;;C:\Users\Student\Desktop\eclipse;
USERNAME=Student
OS=Windows_NT
PROCESSOR_IDENTIFIER=Intel64 Family 6 Model 42 Stepping 7, GenuineIntel



---------------  S Y S T E M  ---------------

OS: Windows 10.0 , 64 bit Build 16299 (10.0.16299.15)

CPU:total 4 (2 cores per cpu, 2 threads per core) family 6 model 42 stepping 7, cmov, cx8, fxsr, mmx, sse, sse2, sse3, ssse3, sse4.1, sse4.2, popcnt, avx, clmul, ht, tsc, tscinvbit

Memory: 4k page, physical 4176424k(1312160k free), swap 6003748k(1043528k free)

vm_info: Java HotSpot(TM) 64-Bit Server VM (25.101-b13) for windows-amd64 JRE (1.8.0_101-b13), built on Jun 22 2016 01:21:29 by "java_re" with MS VC++ 10.0 (VS2010)

time: Tue Feb 27 15:23:25 2018
elapsed time: 293 seconds (0d 0h 4m 53s)

