#
# A fatal error has been detected by the Java Runtime Environment:
#
#  EXCEPTION_ACCESS_VIOLATION (0xc0000005) at pc=0x0000000055d9b860, pid=428, tid=0x00000000000023dc
#
# JRE version: Java(TM) SE Runtime Environment (8.0_101-b13) (build 1.8.0_101-b13)
# Java VM: Java HotSpot(TM) 64-Bit Server VM (25.101-b13 mixed mode windows-amd64 compressed oops)
# Problematic frame:
# V  [jvm.dll+0x1ab860]
#
# Failed to write core dump. Minidumps are not enabled by default on client versions of Windows
#
# If you would like to submit a bug report, please visit:
#   http://bugreport.java.com/bugreport/crash.jsp
#

---------------  T H R E A D  ---------------

Current thread (0x0000000017081800):  JavaThread "JDWP Transport Listener: dt_socket" daemon [_thread_in_vm, id=9180, stack(0x0000000018b30000,0x0000000018c30000)]

siginfo: ExceptionCode=0xc0000005, writing address 0x00000002ca73e2d0

Registers:
RAX=0x00000000197e0268, RBX=0x00000000561f0158, RCX=0x0000000017076370, RDX=0x0000000000000001
RSP=0x0000000018c2f710, RBP=0x0000000018c2f858, RSI=0x0000000100060028, RDI=0x0000000000000008
R8 =0x000000001707f2a0, R9 =0x0000000000000001, R10=0x0000000000000000, R11=0x00000000197e0268
R12=0x00000000197bd810, R13=0x0000000018c2f810, R14=0x0000000018c2f858, R15=0x0000000000000008
RIP=0x0000000055d9b860, EFLAGS=0x0000000000010202

Top of Stack: (sp=0x0000000018c2f710)
0x0000000018c2f710:   00000000561f0158 0000000018c2f858
0x0000000018c2f720:   0000000100060028 0000000052a80c18
0x0000000018c2f730:   0000000017081800 0000000017080710
0x0000000018c2f740:   000000001706bd30 000000001706bd40
0x0000000018c2f750:   000000001706be18 00000000000000d8
0x0000000018c2f760:   0000000018c2fb30 0000000055e6b3b4
0x0000000018c2f770:   0000000000000000 0000000000000000
0x0000000018c2f780:   0000000017076368 00000000eac86f58
0x0000000018c2f790:   0000000017081800 0000000055f36c73
0x0000000018c2f7a0:   0000000018c2f858 0000000018c2f810
0x0000000018c2f7b0:   00000000047c9930 0000000052a76c0e
0x0000000018c2f7c0:   0000000017081800 0000000000000000
0x0000000018c2f7d0:   0000000000000000 0000000000000000
0x0000000018c2f7e0:   0000000000000000 0000000052a6551f
0x0000000018c2f7f0:   0000000018c2f8a0 0000000000000001
0x0000000018c2f800:   0000000017078f68 0000000018c2f8d0 

Instructions: (pc=0x0000000055d9b860)
0x0000000055d9b840:   48 8b 8e 80 01 00 00 48 8b 86 a0 01 00 00 48 8b
0x0000000055d9b850:   4c f9 08 48 63 5c b8 04 e8 83 14 ef ff 48 ff c7
0x0000000055d9b860:   49 89 04 dc 49 3b ff 7c d7 eb 23 45 85 ff 7e 1e
0x0000000055d9b870:   48 8b 86 80 01 00 00 48 8b 4c f8 08 e8 5f 14 ef 


Register to memory mapping:

RAX=0x00000000197e0268 is an unknown value
RBX=0x00000000561f0158 is an unknown value
RCX=0x0000000017076370 is an unknown value
RDX=0x0000000000000001 is an unknown value
RSP=0x0000000018c2f710 is pointing into the stack for thread: 0x0000000017081800
RBP=0x0000000018c2f858 is pointing into the stack for thread: 0x0000000017081800
RSI=0x0000000100060028 is pointing into metadata
RDI=0x0000000000000008 is an unknown value
R8 =0x000000001707f2a0 is an unknown value
R9 =0x0000000000000001 is an unknown value
R10=0x0000000000000000 is an unknown value
R11=0x00000000197e0268 is an unknown value
R12=0x00000000197bd810 is an unknown value
R13=0x0000000018c2f810 is pointing into the stack for thread: 0x0000000017081800
R14=0x0000000018c2f858 is pointing into the stack for thread: 0x0000000017081800
R15=0x0000000000000008 is an unknown value


Stack: [0x0000000018b30000,0x0000000018c30000],  sp=0x0000000018c2f710,  free space=1021k
Native frames: (J=compiled Java code, j=interpreted, Vv=VM code, C=native code)
V  [jvm.dll+0x1ab860]
V  [jvm.dll+0x346c73]
C  [jdwp.dll+0x551f]
C  [jdwp.dll+0xf0a8]
C  [jdwp.dll+0x1f2d5]
C  [jdwp.dll+0x1f4aa]
V  [jvm.dll+0x1bd258]
V  [jvm.dll+0x2451a4]
V  [jvm.dll+0x29c18a]
C  [msvcr100.dll+0x21d9f]
C  [msvcr100.dll+0x21e3b]
C  [KERNEL32.DLL+0x11fe4]
C  [ntdll.dll+0x6efc1]


---------------  P R O C E S S  ---------------

Java Threads: ( => current thread )
  0x0000000018f84800 JavaThread "Service Thread" daemon [_thread_blocked, id=4676, stack(0x0000000019530000,0x0000000019630000)]
  0x0000000018f55800 JavaThread "C1 CompilerThread2" daemon [_thread_blocked, id=8536, stack(0x0000000019430000,0x0000000019530000)]
  0x0000000018f38800 JavaThread "C2 CompilerThread1" daemon [_thread_blocked, id=8648, stack(0x0000000019330000,0x0000000019430000)]
  0x0000000017093800 JavaThread "C2 CompilerThread0" daemon [_thread_blocked, id=496, stack(0x0000000018e30000,0x0000000018f30000)]
  0x0000000017087800 JavaThread "JDWP Command Reader" daemon [_thread_in_native, id=5980, stack(0x0000000018d30000,0x0000000018e30000)]
  0x0000000017086000 JavaThread "JDWP Event Helper Thread" daemon [_thread_blocked, id=3468, stack(0x0000000018c30000,0x0000000018d30000)]
=>0x0000000017081800 JavaThread "JDWP Transport Listener: dt_socket" daemon [_thread_in_vm, id=9180, stack(0x0000000018b30000,0x0000000018c30000)]
  0x000000001706c000 JavaThread "Attach Listener" daemon [_thread_blocked, id=6336, stack(0x00000000186f0000,0x00000000187f0000)]
  0x000000001706b000 JavaThread "Signal Dispatcher" daemon [_thread_blocked, id=5876, stack(0x00000000185f0000,0x00000000186f0000)]
  0x000000001705a000 JavaThread "Finalizer" daemon [_thread_blocked, id=8544, stack(0x00000000182e0000,0x00000000183e0000)]
  0x00000000049c0000 JavaThread "Reference Handler" daemon [_thread_blocked, id=8868, stack(0x00000000181e0000,0x00000000182e0000)]
  0x00000000047ce800 JavaThread "main" [_thread_blocked, id=6088, stack(0x00000000047d0000,0x00000000048d0000)]

Other Threads:
  0x0000000017037800 VMThread [stack: 0x00000000180e0000,0x00000000181e0000] [id=1748]
  0x0000000018f8a000 WatcherThread [stack: 0x0000000019630000,0x0000000019730000] [id=3004]

VM state:not at safepoint (normal execution)

VM Mutex/Monitor currently owned by a thread: None

Heap:
 PSYoungGen      total 18944K, used 13415K [0x00000000eac00000, 0x00000000ec100000, 0x0000000100000000)
  eden space 16384K, 81% used [0x00000000eac00000,0x00000000eb919f20,0x00000000ebc00000)
  from space 2560K, 0% used [0x00000000ebe80000,0x00000000ebe80000,0x00000000ec100000)
  to   space 2560K, 0% used [0x00000000ebc00000,0x00000000ebc00000,0x00000000ebe80000)
 ParOldGen       total 44032K, used 0K [0x00000000c0400000, 0x00000000c2f00000, 0x00000000eac00000)
  object space 44032K, 0% used [0x00000000c0400000,0x00000000c0400000,0x00000000c2f00000)
 Metaspace       used 10264K, capacity 10376K, committed 10496K, reserved 1058816K
  class space    used 1161K, capacity 1200K, committed 1280K, reserved 1048576K

Card table byte_map: [0x0000000013d90000,0x0000000013f90000] byte_map_base: 0x000000001378e000

Marking Bits: (ParMarkBitMap*) 0x000000005640a6d0
 Begin Bits: [0x00000000144f0000, 0x00000000154e0000)
 End Bits:   [0x00000000154e0000, 0x00000000164d0000)

Polling page: 0x00000000030c0000

CodeCache: size=245760Kb used=2340Kb max_used=2340Kb free=243419Kb
 bounds [0x00000000049d0000, 0x0000000004c40000, 0x00000000139d0000]
 total_blobs=858 nmethods=486 adapters=293
 compilation: enabled

Compilation events (10 events):
Event: 0.674 Thread 0x0000000018f55800  483       3       java.lang.ClassLoader::addClass (9 bytes)
Event: 0.674 Thread 0x0000000018f55800 nmethod 483 0x0000000004c118d0 code [0x0000000004c11a40, 0x0000000004c11c68]
Event: 0.674 Thread 0x0000000018f55800  479       3       java.net.URLStreamHandler::setURL (159 bytes)
Event: 0.675 Thread 0x0000000018f55800 nmethod 479 0x0000000004c11d50 code [0x0000000004c11fc0, 0x0000000004c13368]
Event: 0.676 Thread 0x0000000018f55800  484   !   3       sun.misc.URLClassPath$JarLoader::checkResource (55 bytes)
Event: 0.677 Thread 0x0000000018f55800 nmethod 484 0x0000000004c13c10 code [0x0000000004c13dc0, 0x0000000004c14428]
Event: 0.690 Thread 0x0000000018f55800  485       3       java.lang.Package::isSealed (13 bytes)
Event: 0.690 Thread 0x0000000018f55800 nmethod 485 0x0000000004c147d0 code [0x0000000004c14920, 0x0000000004c14ad0]
Event: 0.690 Thread 0x0000000018f55800  486       3       java.lang.ClassLoader::compareCerts (149 bytes)
Event: 0.691 Thread 0x0000000018f55800 nmethod 486 0x0000000004c14b50 code [0x0000000004c14d20, 0x0000000004c155d8]

GC Heap History (0 events):
No events

Deoptimization events (3 events):
Event: 0.305 Thread 0x00000000047ce800 Uncommon trap: reason=unstable_if action=reinterpret pc=0x0000000004b51318 method=java.io.BufferedReader.read()I @ 19
Event: 0.469 Thread 0x00000000047ce800 Uncommon trap: reason=unstable_if action=reinterpret pc=0x0000000004b61224 method=java.util.Properties.loadConvert([CII[C)Ljava/lang/String; @ 4
Event: 0.469 Thread 0x00000000047ce800 Uncommon trap: reason=unstable_if action=reinterpret pc=0x0000000004b6b120 method=java.util.Properties$LineReader.readLine()I @ 252

Internal exceptions (10 events):
Event: 0.187 Thread 0x00000000047ce800 Exception <a 'java/security/PrivilegedActionException'> (0x00000000ead61828) thrown at [C:\re\workspace\8-2-build-windows-amd64-cygwin\jdk8u101\7261\hotspot\src\share\vm\prims\jvm.cpp, line 1386]
Event: 0.240 Thread 0x00000000047ce800 Exception <a 'java/lang/ArrayIndexOutOfBoundsException'> (0x00000000eade1f18) thrown at [C:\re\workspace\8-2-build-windows-amd64-cygwin\jdk8u101\7261\hotspot\src\share\vm\runtime\sharedRuntime.cpp, line 605]
Event: 0.241 Thread 0x00000000047ce800 Exception <a 'java/lang/ArrayIndexOutOfBoundsException'> (0x00000000eade2c90) thrown at [C:\re\workspace\8-2-build-windows-amd64-cygwin\jdk8u101\7261\hotspot\src\share\vm\runtime\sharedRuntime.cpp, line 605]
Event: 0.241 Thread 0x00000000047ce800 Exception <a 'java/lang/ArrayIndexOutOfBoundsException'> (0x00000000eade3c48) thrown at [C:\re\workspace\8-2-build-windows-amd64-cygwin\jdk8u101\7261\hotspot\src\share\vm\runtime\sharedRuntime.cpp, line 605]
Event: 0.243 Thread 0x00000000047ce800 Exception <a 'java/lang/ArrayIndexOutOfBoundsException'> (0x00000000eade5508) thrown at [C:\re\workspace\8-2-build-windows-amd64-cygwin\jdk8u101\7261\hotspot\src\share\vm\runtime\sharedRuntime.cpp, line 605]
Event: 0.255 Thread 0x00000000047ce800 Exception <a 'java/lang/ArrayIndexOutOfBoundsException'> (0x00000000eae0b8f8) thrown at [C:\re\workspace\8-2-build-windows-amd64-cygwin\jdk8u101\7261\hotspot\src\share\vm\runtime\sharedRuntime.cpp, line 605]
Event: 0.255 Thread 0x00000000047ce800 Exception <a 'java/lang/ArrayIndexOutOfBoundsException'> (0x00000000eae0cb60) thrown at [C:\re\workspace\8-2-build-windows-amd64-cygwin\jdk8u101\7261\hotspot\src\share\vm\runtime\sharedRuntime.cpp, line 605]
Event: 0.256 Thread 0x00000000047ce800 Exception <a 'java/lang/ArrayIndexOutOfBoundsException'> (0x00000000eae0e448) thrown at [C:\re\workspace\8-2-build-windows-amd64-cygwin\jdk8u101\7261\hotspot\src\share\vm\runtime\sharedRuntime.cpp, line 605]
Event: 0.267 Thread 0x00000000047ce800 Exception <a 'java/lang/ArrayIndexOutOfBoundsException'> (0x00000000eae34900) thrown at [C:\re\workspace\8-2-build-windows-amd64-cygwin\jdk8u101\7261\hotspot\src\share\vm\runtime\sharedRuntime.cpp, line 605]
Event: 0.273 Thread 0x00000000047ce800 Exception <a 'java/lang/ArrayIndexOutOfBoundsException'> (0x00000000eae43ea8) thrown at [C:\re\workspace\8-2-build-windows-amd64-cygwin\jdk8u101\7261\hotspot\src\share\vm\runtime\sharedRuntime.cpp, line 605]

Events (10 events):
Event: 143.886 Executing VM operation: EnterInterpOnlyMode
Event: 143.886 Executing VM operation: EnterInterpOnlyMode done
Event: 143.886 Executing VM operation: GetCurrentLocation
Event: 143.886 Executing VM operation: GetCurrentLocation done
Event: 143.886 Executing VM operation: ChangeSingleStep
Event: 143.886 Executing VM operation: ChangeSingleStep done
Event: 143.888 Executing VM operation: ChangeSingleStep
Event: 143.888 Executing VM operation: ChangeSingleStep done
Event: 269.542 Executing VM operation: RedefineClasses
Event: 269.544 Executing VM operation: RedefineClasses done


Dynamic libraries:
0x00007ff7becd0000 - 0x00007ff7bed07000 	C:\Program Files\Java\jre1.8.0_101\bin\javaw.exe
0x00007ffd3f4e0000 - 0x00007ffd3f6c0000 	C:\Windows\SYSTEM32\ntdll.dll
0x00007ffd3e560000 - 0x00007ffd3e60e000 	C:\Windows\System32\KERNEL32.DLL
0x00007ffd3bbc0000 - 0x00007ffd3be26000 	C:\Windows\System32\KERNELBASE.dll
0x00007ffd3efe0000 - 0x00007ffd3f081000 	C:\Windows\System32\ADVAPI32.dll
0x00007ffd3edb0000 - 0x00007ffd3ee4d000 	C:\Windows\System32\msvcrt.dll
0x00007ffd3eca0000 - 0x00007ffd3ecfb000 	C:\Windows\System32\sechost.dll
0x00007ffd3e440000 - 0x00007ffd3e55f000 	C:\Windows\System32\RPCRT4.dll
0x00007ffd3ee50000 - 0x00007ffd3efdf000 	C:\Windows\System32\USER32.dll
0x00007ffd3c720000 - 0x00007ffd3c740000 	C:\Windows\System32\win32u.dll
0x00007ffd3cb60000 - 0x00007ffd3cb88000 	C:\Windows\System32\GDI32.dll
0x00007ffd3c580000 - 0x00007ffd3c713000 	C:\Windows\System32\gdi32full.dll
0x00007ffd3c910000 - 0x00007ffd3c9ab000 	C:\Windows\System32\msvcp_win.dll
0x00007ffd3b960000 - 0x00007ffd3ba56000 	C:\Windows\System32\ucrtbase.dll
0x00007ffd2f510000 - 0x00007ffd2f779000 	C:\Windows\WinSxS\amd64_microsoft.windows.common-controls_6595b64144ccf1df_6.0.16299.248_none_15ced204935f55d7\COMCTL32.dll
0x00007ffd3f090000 - 0x00007ffd3f398000 	C:\Windows\System32\combase.dll
0x00007ffd3b8e0000 - 0x00007ffd3b952000 	C:\Windows\System32\bcryptPrimitives.dll
0x00007ffd3f400000 - 0x00007ffd3f42d000 	C:\Windows\System32\IMM32.DLL
0x0000000052aa0000 - 0x0000000052b72000 	C:\Program Files\Java\jre1.8.0_101\bin\msvcr100.dll
0x0000000055bf0000 - 0x000000005648a000 	C:\Program Files\Java\jre1.8.0_101\bin\server\jvm.dll
0x00007ffd3ed00000 - 0x00007ffd3ed08000 	C:\Windows\System32\PSAPI.DLL
0x00007ffd2f4e0000 - 0x00007ffd2f4e9000 	C:\Windows\SYSTEM32\WSOCK32.dll
0x00007ffd34ad0000 - 0x00007ffd34af3000 	C:\Windows\SYSTEM32\WINMM.dll
0x00007ffd33a50000 - 0x00007ffd33a5a000 	C:\Windows\SYSTEM32\VERSION.dll
0x00007ffd3ebb0000 - 0x00007ffd3ec1c000 	C:\Windows\System32\WS2_32.dll
0x00007ffd34aa0000 - 0x00007ffd34aca000 	C:\Windows\SYSTEM32\WINMMBASE.dll
0x00007ffd3ba60000 - 0x00007ffd3baaa000 	C:\Windows\System32\cfgmgr32.dll
0x0000000055b00000 - 0x0000000055b0f000 	C:\Program Files\Java\jre1.8.0_101\bin\verify.dll
0x0000000055ad0000 - 0x0000000055af9000 	C:\Program Files\Java\jre1.8.0_101\bin\java.dll
0x0000000052a60000 - 0x0000000052a95000 	C:\Program Files\Java\jre1.8.0_101\bin\jdwp.dll
0x0000000052a50000 - 0x0000000052a58000 	C:\Program Files\Java\jre1.8.0_101\bin\npt.dll
0x0000000055ab0000 - 0x0000000055ac6000 	C:\Program Files\Java\jre1.8.0_101\bin\zip.dll
0x00007ffd3cd80000 - 0x00007ffd3e1b6000 	C:\Windows\System32\SHELL32.dll
0x00007ffd3cbf0000 - 0x00007ffd3cc96000 	C:\Windows\System32\shcore.dll
0x00007ffd3be30000 - 0x00007ffd3c577000 	C:\Windows\System32\windows.storage.dll
0x00007ffd3f3a0000 - 0x00007ffd3f3f1000 	C:\Windows\System32\shlwapi.dll
0x00007ffd3b8c0000 - 0x00007ffd3b8d1000 	C:\Windows\System32\kernel.appcore.dll
0x00007ffd3b830000 - 0x00007ffd3b87c000 	C:\Windows\System32\powrprof.dll
0x00007ffd3b8a0000 - 0x00007ffd3b8bb000 	C:\Windows\System32\profapi.dll
0x0000000052a40000 - 0x0000000052a49000 	C:\Program Files\Java\jre1.8.0_101\bin\dt_socket.dll
0x00007ffd21c90000 - 0x00007ffd21ca6000 	C:\Windows\system32\napinsp.dll
0x00007ffd21800000 - 0x00007ffd2181a000 	C:\Windows\system32\pnrpnsp.dll
0x00007ffd369b0000 - 0x00007ffd369c8000 	C:\Windows\system32\NLAapi.dll
0x00007ffd3b060000 - 0x00007ffd3b0c6000 	C:\Windows\System32\mswsock.dll
0x00007ffd3ae30000 - 0x00007ffd3aee6000 	C:\Windows\SYSTEM32\DNSAPI.dll
0x00007ffd3cca0000 - 0x00007ffd3cca8000 	C:\Windows\System32\NSI.dll
0x00007ffd3adf0000 - 0x00007ffd3ae29000 	C:\Windows\SYSTEM32\IPHLPAPI.DLL
0x00007ffd2ed30000 - 0x00007ffd2ed3e000 	C:\Windows\System32\winrnr.dll
0x00007ffd36f50000 - 0x00007ffd36fc0000 	C:\Windows\System32\fwpuclnt.dll
0x00007ffd3b330000 - 0x00007ffd3b355000 	C:\Windows\SYSTEM32\bcrypt.dll
0x00007ffd36730000 - 0x00007ffd3673a000 	C:\Windows\System32\rasadhlp.dll
0x0000000055a30000 - 0x0000000055a3d000 	C:\Program Files\Java\jre1.8.0_101\bin\management.dll
0x0000000055a90000 - 0x0000000055aaa000 	C:\Program Files\Java\jre1.8.0_101\bin\net.dll
0x0000000055a70000 - 0x0000000055a81000 	C:\Program Files\Java\jre1.8.0_101\bin\nio.dll
0x00007ffd3b220000 - 0x00007ffd3b237000 	C:\Windows\SYSTEM32\CRYPTSP.dll
0x00007ffd3ac70000 - 0x00007ffd3aca3000 	C:\Windows\system32\rsaenh.dll
0x00007ffd3b730000 - 0x00007ffd3b759000 	C:\Windows\SYSTEM32\USERENV.dll
0x00007ffd3b240000 - 0x00007ffd3b24b000 	C:\Windows\SYSTEM32\CRYPTBASE.dll
0x00007ffd37390000 - 0x00007ffd373a6000 	C:\Windows\SYSTEM32\dhcpcsvc6.DLL
0x00007ffd37370000 - 0x00007ffd3738a000 	C:\Windows\SYSTEM32\dhcpcsvc.DLL
0x00007ffd34420000 - 0x00007ffd345e8000 	C:\Windows\SYSTEM32\dbghelp.dll

VM Arguments:
jvm_args: -agentlib:jdwp=transport=dt_socket,suspend=y,address=localhost:50918 -Dfile.encoding=Cp1252 
java_command: Esercizi
java_class_path (initial): C:\Program Files\Java\jre1.8.0_101\lib\resources.jar;C:\Program Files\Java\jre1.8.0_101\lib\rt.jar;C:\Program Files\Java\jre1.8.0_101\lib\jsse.jar;C:\Program Files\Java\jre1.8.0_101\lib\jce.jar;C:\Program Files\Java\jre1.8.0_101\lib\charsets.jar;C:\Program Files\Java\jre1.8.0_101\lib\jfr.jar;C:\Program Files\Java\jre1.8.0_101\lib\ext\access-bridge-64.jar;C:\Program Files\Java\jre1.8.0_101\lib\ext\cldrdata.jar;C:\Program Files\Java\jre1.8.0_101\lib\ext\dnsns.jar;C:\Program Files\Java\jre1.8.0_101\lib\ext\jaccess.jar;C:\Program Files\Java\jre1.8.0_101\lib\ext\jfxrt.jar;C:\Program Files\Java\jre1.8.0_101\lib\ext\localedata.jar;C:\Program Files\Java\jre1.8.0_101\lib\ext\nashorn.jar;C:\Program Files\Java\jre1.8.0_101\lib\ext\sunec.jar;C:\Program Files\Java\jre1.8.0_101\lib\ext\sunjce_provider.jar;C:\Program Files\Java\jre1.8.0_101\lib\ext\sunmscapi.jar;C:\Program Files\Java\jre1.8.0_101\lib\ext\sunpkcs11.jar;C:\Program Files\Java\jre1.8.0_101\lib\ext\zipfs.jar;C:\Users\Student\Desktop\Andre\workspace\Giorno16\bin;C:\Users\Student\Desktop\Andre\JDBC\ojdbc6.jar
Launcher Type: SUN_STANDARD

Environment Variables:
PATH=C:/Program Files/Java/jre1.8.0_101/bin/server;C:/Program Files/Java/jre1.8.0_101/bin;C:/Program Files/Java/jre1.8.0_101/lib/amd64;C:\oraclexe\app\oracle\product\11.2.0\server\bin;;C:\ProgramData\Oracle\Java\javapath;C:\Windows\system32;C:\Windows;C:\Windows\System32\Wbem;C:\Windows\System32\WindowsPowerShell\v1.0\;C:\Users\Student\AppData\Local\Microsoft\WindowsApps;;C:\Users\Student\Desktop\eclipse;
USERNAME=Student
OS=Windows_NT
PROCESSOR_IDENTIFIER=Intel64 Family 6 Model 42 Stepping 7, GenuineIntel



---------------  S Y S T E M  ---------------

OS: Windows 10.0 , 64 bit Build 16299 (10.0.16299.15)

CPU:total 4 (2 cores per cpu, 2 threads per core) family 6 model 42 stepping 7, cmov, cx8, fxsr, mmx, sse, sse2, sse3, ssse3, sse4.1, sse4.2, popcnt, avx, clmul, ht, tsc, tscinvbit

Memory: 4k page, physical 4176424k(1278036k free), swap 6003748k(1029320k free)

vm_info: Java HotSpot(TM) 64-Bit Server VM (25.101-b13) for windows-amd64 JRE (1.8.0_101-b13), built on Jun 22 2016 01:21:29 by "java_re" with MS VC++ 10.0 (VS2010)

time: Tue Feb 27 15:40:49 2018
elapsed time: 269 seconds (0d 0h 4m 29s)

